  DYtoKubeSplain.cpp
C:\Users\danek\Desktop\Прожэкты\Индивидуалки\АлгВычМат\DYtoKubeSplain\DYtoKubeSplain\DYtoKubeSplain.cpp(380,24): warning C4244: аргумент: преобразование "ll" в "const unsigned int", возможна потеря данных
C:\Users\danek\Desktop\Прожэкты\Индивидуалки\АлгВычМат\DYtoKubeSplain\DYtoKubeSplain\DYtoKubeSplain.cpp(380,40): warning C4244: аргумент: преобразование "ll" в "const unsigned int", возможна потеря данных
C:\Users\danek\Desktop\Прожэкты\Индивидуалки\АлгВычМат\DYtoKubeSplain\DYtoKubeSplain\DYtoKubeSplain.cpp(383,43): warning C4244: аргумент: преобразование "ll" в "const unsigned int", возможна потеря данных
C:\Users\danek\Desktop\Прожэкты\Индивидуалки\АлгВычМат\DYtoKubeSplain\DYtoKubeSplain\DYtoKubeSplain.cpp(388,41): warning C4244: аргумент: преобразование "ll" в "const unsigned int", возможна потеря данных
C:\Users\danek\Desktop\Прожэкты\Индивидуалки\АлгВычМат\DYtoKubeSplain\DYtoKubeSplain\DYtoKubeSplain.cpp(388,61): warning C4244: аргумент: преобразование "ll" в "const unsigned int", возможна потеря данных
C:\Users\danek\Desktop\Прожэкты\Индивидуалки\АлгВычМат\DYtoKubeSplain\DYtoKubeSplain\DYtoKubeSplain.cpp(388,82): warning C4244: аргумент: преобразование "ll" в "const unsigned int", возможна потеря данных
C:\Users\danek\Desktop\Прожэкты\Индивидуалки\АлгВычМат\DYtoKubeSplain\DYtoKubeSplain\DYtoKubeSplain.cpp(399,38): warning C4244: аргумент: преобразование "ll" в "const unsigned int", возможна потеря данных
C:\Users\danek\Desktop\Прожэкты\Индивидуалки\АлгВычМат\DYtoKubeSplain\DYtoKubeSplain\DYtoKubeSplain.cpp(403,48): warning C4244: аргумент: преобразование "ll" в "const unsigned int", возможна потеря данных
C:\Users\danek\Desktop\Прожэкты\Индивидуалки\АлгВычМат\DYtoKubeSplain\DYtoKubeSplain\DYtoKubeSplain.cpp(403,72): warning C4244: аргумент: преобразование "ll" в "const unsigned int", возможна потеря данных
C:\Users\danek\Desktop\Прожэкты\Индивидуалки\АлгВычМат\DYtoKubeSplain\DYtoKubeSplain\DYtoKubeSplain.cpp(408,50): warning C4244: аргумент: преобразование "ll" в "const unsigned int", возможна потеря данных
C:\Users\danek\Desktop\Прожэкты\Индивидуалки\АлгВычМат\DYtoKubeSplain\DYtoKubeSplain\DYtoKubeSplain.cpp(414,40): warning C4244: аргумент: преобразование "ll" в "const unsigned int", возможна потеря данных
C:\Users\danek\Desktop\Прожэкты\Индивидуалки\АлгВычМат\DYtoKubeSplain\DYtoKubeSplain\DYtoKubeSplain.cpp(414,60): warning C4244: аргумент: преобразование "ll" в "const unsigned int", возможна потеря данных
C:\Users\danek\Desktop\Прожэкты\Индивидуалки\АлгВычМат\DYtoKubeSplain\DYtoKubeSplain\DYtoKubeSplain.cpp(427,50): warning C4244: аргумент: преобразование "ll" в "const unsigned int", возможна потеря данных
C:\Users\danek\Desktop\Прожэкты\Индивидуалки\АлгВычМат\DYtoKubeSplain\DYtoKubeSplain\DYtoKubeSplain.cpp(435,29): warning C4244: аргумент: преобразование "ll" в "const unsigned int", возможна потеря данных
C:\Users\danek\Desktop\Прожэкты\Индивидуалки\АлгВычМат\DYtoKubeSplain\DYtoKubeSplain\DYtoKubeSplain.cpp(447,29): warning C4244: аргумент: преобразование "ll" в "const unsigned int", возможна потеря данных
C:\Users\danek\Desktop\Прожэкты\Индивидуалки\АлгВычМат\DYtoKubeSplain\DYtoKubeSplain\DYtoKubeSplain.cpp(449,30): warning C4244: аргумент: преобразование "ll" в "const unsigned int", возможна потеря данных
C:\Users\danek\Desktop\Прожэкты\Индивидуалки\АлгВычМат\DYtoKubeSplain\DYtoKubeSplain\DYtoKubeSplain.cpp(465,29): warning C4244: аргумент: преобразование "ll" в "const unsigned int", возможна потеря данных
C:\Users\danek\Desktop\Прожэкты\Индивидуалки\АлгВычМат\DYtoKubeSplain\DYtoKubeSplain\DYtoKubeSplain.cpp(467,30): warning C4244: аргумент: преобразование "ll" в "const unsigned int", возможна потеря данных
C:\Users\danek\Desktop\Прожэкты\Индивидуалки\АлгВычМат\DYtoKubeSplain\DYtoKubeSplain\DYtoKubeSplain.cpp(469,34): warning C4244: аргумент: преобразование "ll" в "const unsigned int", возможна потеря данных
C:\Users\danek\Desktop\Прожэкты\Индивидуалки\АлгВычМат\DYtoKubeSplain\DYtoKubeSplain\DYtoKubeSplain.cpp(486,29): warning C4244: аргумент: преобразование "ll" в "const unsigned int", возможна потеря данных
C:\Users\danek\Desktop\Прожэкты\Индивидуалки\АлгВычМат\DYtoKubeSplain\DYtoKubeSplain\DYtoKubeSplain.cpp(488,30): warning C4244: аргумент: преобразование "ll" в "const unsigned int", возможна потеря данных
C:\Users\danek\Desktop\Прожэкты\Индивидуалки\АлгВычМат\DYtoKubeSplain\DYtoKubeSplain\DYtoKubeSplain.cpp(490,34): warning C4244: аргумент: преобразование "ll" в "const unsigned int", возможна потеря данных
C:\Users\danek\Desktop\Прожэкты\Индивидуалки\АлгВычМат\DYtoKubeSplain\DYtoKubeSplain\DYtoKubeSplain.cpp(492,38): warning C4244: аргумент: преобразование "ll" в "const unsigned int", возможна потеря данных
C:\Users\danek\Desktop\Прожэкты\Индивидуалки\АлгВычМат\DYtoKubeSplain\DYtoKubeSplain\DYtoKubeSplain.cpp(511,29): warning C4244: аргумент: преобразование "ll" в "const unsigned int", возможна потеря данных
C:\Users\danek\Desktop\Прожэкты\Индивидуалки\АлгВычМат\DYtoKubeSplain\DYtoKubeSplain\DYtoKubeSplain.cpp(513,30): warning C4244: аргумент: преобразование "ll" в "const unsigned int", возможна потеря данных
C:\Users\danek\Desktop\Прожэкты\Индивидуалки\АлгВычМат\DYtoKubeSplain\DYtoKubeSplain\DYtoKubeSplain.cpp(515,34): warning C4244: аргумент: преобразование "ll" в "const unsigned int", возможна потеря данных
C:\Users\danek\Desktop\Прожэкты\Индивидуалки\АлгВычМат\DYtoKubeSplain\DYtoKubeSplain\DYtoKubeSplain.cpp(517,38): warning C4244: аргумент: преобразование "ll" в "const unsigned int", возможна потеря данных
C:\Users\danek\Desktop\Прожэкты\Индивидуалки\АлгВычМат\DYtoKubeSplain\DYtoKubeSplain\DYtoKubeSplain.cpp(536,29): warning C4244: аргумент: преобразование "ll" в "const unsigned int", возможна потеря данных
C:\Users\danek\Desktop\Прожэкты\Индивидуалки\АлгВычМат\DYtoKubeSplain\DYtoKubeSplain\DYtoKubeSplain.cpp(538,30): warning C4244: аргумент: преобразование "ll" в "const unsigned int", возможна потеря данных
C:\Users\danek\Desktop\Прожэкты\Индивидуалки\АлгВычМат\DYtoKubeSplain\DYtoKubeSplain\DYtoKubeSplain.cpp(540,34): warning C4244: аргумент: преобразование "ll" в "const unsigned int", возможна потеря данных
C:\Users\danek\Desktop\Прожэкты\Индивидуалки\АлгВычМат\DYtoKubeSplain\DYtoKubeSplain\DYtoKubeSplain.cpp(542,38): warning C4244: аргумент: преобразование "ll" в "const unsigned int", возможна потеря данных
C:\Users\danek\Desktop\Прожэкты\Индивидуалки\АлгВычМат\DYtoKubeSplain\DYtoKubeSplain\DYtoKubeSplain.cpp(558,35): warning C4244: аргумент: преобразование "ll" в "const unsigned int", возможна потеря данных
C:\Users\danek\Desktop\Прожэкты\Индивидуалки\АлгВычМат\DYtoKubeSplain\DYtoKubeSplain\DYtoKubeSplain.cpp(560,34): warning C4244: аргумент: преобразование "ll" в "const unsigned int", возможна потеря данных
C:\Users\danek\Desktop\Прожэкты\Индивидуалки\АлгВычМат\DYtoKubeSplain\DYtoKubeSplain\DYtoKubeSplain.cpp(562,38): warning C4244: аргумент: преобразование "ll" в "const unsigned int", возможна потеря данных
C:\Users\danek\Desktop\Прожэкты\Индивидуалки\АлгВычМат\DYtoKubeSplain\DYtoKubeSplain\DYtoKubeSplain.cpp(564,42): warning C4244: аргумент: преобразование "ll" в "const unsigned int", возможна потеря данных
C:\Users\danek\Desktop\Прожэкты\Индивидуалки\АлгВычМат\DYtoKubeSplain\DYtoKubeSplain\DYtoKubeSplain.cpp(586,29): warning C4244: аргумент: преобразование "ll" в "const unsigned int", возможна потеря данных
C:\Users\danek\Desktop\Прожэкты\Индивидуалки\АлгВычМат\DYtoKubeSplain\DYtoKubeSplain\DYtoKubeSplain.cpp(588,30): warning C4244: аргумент: преобразование "ll" в "const unsigned int", возможна потеря данных
C:\Users\danek\Desktop\Прожэкты\Индивидуалки\АлгВычМат\DYtoKubeSplain\DYtoKubeSplain\DYtoKubeSplain.cpp(590,34): warning C4244: аргумент: преобразование "ll" в "const unsigned int", возможна потеря данных
C:\Users\danek\Desktop\Прожэкты\Индивидуалки\АлгВычМат\DYtoKubeSplain\DYtoKubeSplain\DYtoKubeSplain.cpp(592,38): warning C4244: аргумент: преобразование "ll" в "const unsigned int", возможна потеря данных
C:\Users\danek\Desktop\Прожэкты\Индивидуалки\АлгВычМат\DYtoKubeSplain\DYtoKubeSplain\DYtoKubeSplain.cpp(594,42): warning C4244: аргумент: преобразование "ll" в "const unsigned int", возможна потеря данных
C:\Users\danek\Desktop\Прожэкты\Индивидуалки\АлгВычМат\DYtoKubeSplain\DYtoKubeSplain\DYtoKubeSplain.cpp(612,35): warning C4244: аргумент: преобразование "ll" в "const unsigned int", возможна потеря данных
C:\Users\danek\Desktop\Прожэкты\Индивидуалки\АлгВычМат\DYtoKubeSplain\DYtoKubeSplain\DYtoKubeSplain.cpp(614,34): warning C4244: аргумент: преобразование "ll" в "const unsigned int", возможна потеря данных
C:\Users\danek\Desktop\Прожэкты\Индивидуалки\АлгВычМат\DYtoKubeSplain\DYtoKubeSplain\DYtoKubeSplain.cpp(616,38): warning C4244: аргумент: преобразование "ll" в "const unsigned int", возможна потеря данных
C:\Users\danek\Desktop\Прожэкты\Индивидуалки\АлгВычМат\DYtoKubeSplain\DYtoKubeSplain\DYtoKubeSplain.cpp(618,42): warning C4244: аргумент: преобразование "ll" в "const unsigned int", возможна потеря данных
C:\Users\danek\Desktop\Прожэкты\Индивидуалки\АлгВычМат\DYtoKubeSplain\DYtoKubeSplain\DYtoKubeSplain.cpp(636,35): warning C4244: аргумент: преобразование "ll" в "const unsigned int", возможна потеря данных
C:\Users\danek\Desktop\Прожэкты\Индивидуалки\АлгВычМат\DYtoKubeSplain\DYtoKubeSplain\DYtoKubeSplain.cpp(638,34): warning C4244: аргумент: преобразование "ll" в "const unsigned int", возможна потеря данных
C:\Users\danek\Desktop\Прожэкты\Индивидуалки\АлгВычМат\DYtoKubeSplain\DYtoKubeSplain\DYtoKubeSplain.cpp(640,38): warning C4244: аргумент: преобразование "ll" в "const unsigned int", возможна потеря данных
C:\Users\danek\Desktop\Прожэкты\Индивидуалки\АлгВычМат\DYtoKubeSplain\DYtoKubeSplain\DYtoKubeSplain.cpp(642,42): warning C4244: аргумент: преобразование "ll" в "const unsigned int", возможна потеря данных
C:\Users\danek\Desktop\Прожэкты\Индивидуалки\АлгВычМат\DYtoKubeSplain\DYtoKubeSplain\DYtoKubeSplain.cpp(662,29): warning C4244: аргумент: преобразование "ll" в "const unsigned int", возможна потеря данных
C:\Users\danek\Desktop\Прожэкты\Индивидуалки\АлгВычМат\DYtoKubeSplain\DYtoKubeSplain\DYtoKubeSplain.cpp(670,29): warning C4244: аргумент: преобразование "ll" в "const unsigned int", возможна потеря данных
C:\Users\danek\Desktop\Прожэкты\Индивидуалки\АлгВычМат\DYtoKubeSplain\DYtoKubeSplain\DYtoKubeSplain.cpp(685,31): warning C4244: аргумент: преобразование "ll" в "const unsigned int", возможна потеря данных
C:\Users\danek\Desktop\Прожэкты\Индивидуалки\АлгВычМат\DYtoKubeSplain\DYtoKubeSplain\DYtoKubeSplain.cpp(687,34): warning C4244: аргумент: преобразование "ll" в "const unsigned int", возможна потеря данных
C:\Users\danek\Desktop\Прожэкты\Индивидуалки\АлгВычМат\DYtoKubeSplain\DYtoKubeSplain\DYtoKubeSplain.cpp(690,30): warning C4244: аргумент: преобразование "ll" в "const unsigned int", возможна потеря данных
C:\Users\danek\Desktop\Прожэкты\Индивидуалки\АлгВычМат\DYtoKubeSplain\DYtoKubeSplain\DYtoKubeSplain.cpp(694,29): warning C4244: аргумент: преобразование "ll" в "const unsigned int", возможна потеря данных
C:\Users\danek\Desktop\Прожэкты\Индивидуалки\АлгВычМат\DYtoKubeSplain\DYtoKubeSplain\DYtoKubeSplain.cpp(696,34): warning C4244: аргумент: преобразование "ll" в "const unsigned int", возможна потеря данных
C:\Users\danek\Desktop\Прожэкты\Индивидуалки\АлгВычМат\DYtoKubeSplain\DYtoKubeSplain\DYtoKubeSplain.cpp(726,31): warning C4018: <: несоответствие типов со знаком и без знака
C:\Users\danek\Desktop\Прожэкты\Индивидуалки\АлгВычМат\DYtoKubeSplain\DYtoKubeSplain\DYtoKubeSplain.cpp(730,40): warning C4018: <=: несоответствие типов со знаком и без знака
C:\Users\danek\Desktop\Прожэкты\Индивидуалки\АлгВычМат\DYtoKubeSplain\DYtoKubeSplain\DYtoKubeSplain.cpp(730,72): warning C4018: <: несоответствие типов со знаком и без знака
C:\Users\danek\Desktop\Прожэкты\Индивидуалки\АлгВычМат\DYtoKubeSplain\DYtoKubeSplain\DYtoKubeSplain.cpp(759,34): warning C4244: аргумент: преобразование "ll" в "const unsigned int", возможна потеря данных
C:\Users\danek\Desktop\Прожэкты\Индивидуалки\АлгВычМат\DYtoKubeSplain\DYtoKubeSplain\DYtoKubeSplain.cpp(759,45): warning C4244: аргумент: преобразование "ll" в "const unsigned int", возможна потеря данных
C:\Users\danek\Desktop\Прожэкты\Индивидуалки\АлгВычМат\DYtoKubeSplain\DYtoKubeSplain\DYtoKubeSplain.cpp(764,35): warning C4244: аргумент: преобразование "ll" в "const unsigned int", возможна потеря данных
C:\Users\danek\Desktop\Прожэкты\Индивидуалки\АлгВычМат\DYtoKubeSplain\DYtoKubeSplain\DYtoKubeSplain.cpp(764,46): warning C4244: аргумент: преобразование "ll" в "const unsigned int", возможна потеря данных
C:\Users\danek\Desktop\Прожэкты\Индивидуалки\АлгВычМат\DYtoKubeSplain\DYtoKubeSplain\DYtoKubeSplain.cpp(764,58): warning C4244: аргумент: преобразование "ll" в "const unsigned int", возможна потеря данных
C:\Users\danek\Desktop\Прожэкты\Индивидуалки\АлгВычМат\DYtoKubeSplain\DYtoKubeSplain\DYtoKubeSplain.cpp(764,70): warning C4244: аргумент: преобразование "ll" в "const unsigned int", возможна потеря данных
C:\Users\danek\Desktop\Прожэкты\Индивидуалки\АлгВычМат\DYtoKubeSplain\DYtoKubeSplain\DYtoKubeSplain.cpp(764,79): warning C4244: аргумент: преобразование "ll" в "const unsigned int", возможна потеря данных
C:\Users\danek\Desktop\Прожэкты\Индивидуалки\АлгВычМат\DYtoKubeSplain\DYtoKubeSplain\DYtoKubeSplain.cpp(764,89): warning C4244: аргумент: преобразование "ll" в "const unsigned int", возможна потеря данных
C:\Users\danek\Desktop\Прожэкты\Индивидуалки\АлгВычМат\DYtoKubeSplain\DYtoKubeSplain\DYtoKubeSplain.cpp(774,15): warning C4244: аргумент: преобразование "ll" в "const unsigned int", возможна потеря данных
C:\Users\danek\Desktop\Прожэкты\Индивидуалки\АлгВычМат\DYtoKubeSplain\DYtoKubeSplain\DYtoKubeSplain.cpp(774,22): warning C4244: аргумент: преобразование "ll" в "const unsigned int", возможна потеря данных
C:\Users\danek\Desktop\Прожэкты\Индивидуалки\АлгВычМат\DYtoKubeSplain\DYtoKubeSplain\DYtoKubeSplain.cpp(774,31): warning C4244: аргумент: преобразование "ll" в "const unsigned int", возможна потеря данных
C:\Users\danek\Desktop\Прожэкты\Индивидуалки\АлгВычМат\DYtoKubeSplain\DYtoKubeSplain\DYtoKubeSplain.cpp(774,42): warning C4244: аргумент: преобразование "ll" в "const unsigned int", возможна потеря данных
C:\Users\danek\Desktop\Прожэкты\Индивидуалки\АлгВычМат\DYtoKubeSplain\DYtoKubeSplain\DYtoKubeSplain.cpp(775,15): warning C4244: аргумент: преобразование "ll" в "const unsigned int", возможна потеря данных
C:\Users\danek\Desktop\Прожэкты\Индивидуалки\АлгВычМат\DYtoKubeSplain\DYtoKubeSplain\DYtoKubeSplain.cpp(775,24): warning C4244: аргумент: преобразование "ll" в "const unsigned int", возможна потеря данных
C:\Users\danek\Desktop\Прожэкты\Индивидуалки\АлгВычМат\DYtoKubeSplain\DYtoKubeSplain\DYtoKubeSplain.cpp(775,33): warning C4244: аргумент: преобразование "ll" в "const unsigned int", возможна потеря данных
C:\Users\danek\Desktop\Прожэкты\Индивидуалки\АлгВычМат\DYtoKubeSplain\DYtoKubeSplain\DYtoKubeSplain.cpp(776,15): warning C4244: аргумент: преобразование "ll" в "const unsigned int", возможна потеря данных
C:\Users\danek\Desktop\Прожэкты\Индивидуалки\АлгВычМат\DYtoKubeSplain\DYtoKubeSplain\DYtoKubeSplain.cpp(776,23): warning C4244: аргумент: преобразование "ll" в "const unsigned int", возможна потеря данных
C:\Users\danek\Desktop\Прожэкты\Индивидуалки\АлгВычМат\DYtoKubeSplain\DYtoKubeSplain\DYtoKubeSplain.cpp(776,32): warning C4244: аргумент: преобразование "ll" в "const unsigned int", возможна потеря данных
C:\Users\danek\Desktop\Прожэкты\Индивидуалки\АлгВычМат\DYtoKubeSplain\DYtoKubeSplain\DYtoKubeSplain.cpp(776,43): warning C4244: аргумент: преобразование "ll" в "const unsigned int", возможна потеря данных
C:\Users\danek\Desktop\Прожэкты\Индивидуалки\АлгВычМат\DYtoKubeSplain\DYtoKubeSplain\DYtoKubeSplain.cpp(776,53): warning C4244: аргумент: преобразование "ll" в "const unsigned int", возможна потеря данных
C:\Users\danek\Desktop\Прожэкты\Индивидуалки\АлгВычМат\DYtoKubeSplain\DYtoKubeSplain\DYtoKubeSplain.cpp(786,19): warning C4244: аргумент: преобразование "ll" в "const unsigned int", возможна потеря данных
C:\Users\danek\Desktop\Прожэкты\Индивидуалки\АлгВычМат\DYtoKubeSplain\DYtoKubeSplain\DYtoKubeSplain.cpp(786,28): warning C4244: аргумент: преобразование "ll" в "const unsigned int", возможна потеря данных
C:\Users\danek\Desktop\Прожэкты\Индивидуалки\АлгВычМат\DYtoKubeSplain\DYtoKubeSplain\DYtoKubeSplain.cpp(786,39): warning C4244: аргумент: преобразование "ll" в "const unsigned int", возможна потеря данных
C:\Users\danek\Desktop\Прожэкты\Индивидуалки\АлгВычМат\DYtoKubeSplain\DYtoKubeSplain\DYtoKubeSplain.cpp(786,48): warning C4244: аргумент: преобразование "ll" в "const unsigned int", возможна потеря данных
C:\Users\danek\Desktop\Прожэкты\Индивидуалки\АлгВычМат\DYtoKubeSplain\DYtoKubeSplain\DYtoKubeSplain.cpp(792,34): warning C4244: аргумент: преобразование "ll" в "const unsigned int", возможна потеря данных
C:\Users\danek\Desktop\Прожэкты\Индивидуалки\АлгВычМат\DYtoKubeSplain\DYtoKubeSplain\DYtoKubeSplain.cpp(792,52): warning C4244: аргумент: преобразование "ll" в "const unsigned int", возможна потеря данных
C:\Users\danek\Desktop\Прожэкты\Индивидуалки\АлгВычМат\DYtoKubeSplain\DYtoKubeSplain\DYtoKubeSplain.cpp(792,72): warning C4244: аргумент: преобразование "ll" в "const unsigned int", возможна потеря данных
C:\Users\danek\Desktop\Прожэкты\Индивидуалки\АлгВычМат\DYtoKubeSplain\DYtoKubeSplain\DYtoKubeSplain.cpp(792,88): warning C4244: аргумент: преобразование "ll" в "const unsigned int", возможна потеря данных
C:\Users\danek\Desktop\Прожэкты\Индивидуалки\АлгВычМат\DYtoKubeSplain\DYtoKubeSplain\DYtoKubeSplain.cpp(800,25): warning C4244: аргумент: преобразование "ll" в "const unsigned int", возможна потеря данных
C:\Users\danek\Desktop\Прожэкты\Индивидуалки\АлгВычМат\DYtoKubeSplain\DYtoKubeSplain\DYtoKubeSplain.cpp(803,26): warning C4244: аргумент: преобразование "ll" в "const unsigned int", возможна потеря данных
C:\Users\danek\Desktop\Прожэкты\Индивидуалки\АлгВычМат\DYtoKubeSplain\DYtoKubeSplain\DYtoKubeSplain.cpp(803,39): warning C4244: аргумент: преобразование "ll" в "const unsigned int", возможна потеря данных
C:\Users\danek\Desktop\Прожэкты\Индивидуалки\АлгВычМат\DYtoKubeSplain\DYtoKubeSplain\DYtoKubeSplain.cpp(803,58): warning C4244: аргумент: преобразование "ll" в "const unsigned int", возможна потеря данных
C:\Users\danek\Desktop\Прожэкты\Индивидуалки\АлгВычМат\DYtoKubeSplain\DYtoKubeSplain\DYtoKubeSplain.cpp(803,89): warning C4244: аргумент: преобразование "ll" в "const unsigned int", возможна потеря данных
C:\Users\danek\Desktop\Прожэкты\Индивидуалки\АлгВычМат\DYtoKubeSplain\DYtoKubeSplain\DYtoKubeSplain.cpp(908,24): warning C4018: <: несоответствие типов со знаком и без знака
C:\Users\danek\Desktop\Прожэкты\Индивидуалки\АлгВычМат\DYtoKubeSplain\DYtoKubeSplain\DYtoKubeSplain.cpp(916,39): warning C4244: аргумент: преобразование "ll" в "const unsigned int", возможна потеря данных
C:\Users\danek\Desktop\Прожэкты\Индивидуалки\АлгВычМат\DYtoKubeSplain\DYtoKubeSplain\DYtoKubeSplain.cpp(916,54): warning C4244: аргумент: преобразование "ll" в "const unsigned int", возможна потеря данных
C:\Users\danek\Desktop\Прожэкты\Индивидуалки\АлгВычМат\DYtoKubeSplain\DYtoKubeSplain\DYtoKubeSplain.cpp(921,34): warning C4244: аргумент: преобразование "ll" в "const unsigned int", возможна потеря данных
C:\Users\danek\Desktop\Прожэкты\Индивидуалки\АлгВычМат\DYtoKubeSplain\DYtoKubeSplain\DYtoKubeSplain.cpp(929,28): warning C4244: аргумент: преобразование "ll" в "const unsigned int", возможна потеря данных
C:\Users\danek\Desktop\Прожэкты\Индивидуалки\АлгВычМат\DYtoKubeSplain\DYtoKubeSplain\DYtoKubeSplain.cpp(929,37): warning C4244: аргумент: преобразование "ll" в "const unsigned int", возможна потеря данных
C:\Users\danek\Desktop\Прожэкты\Индивидуалки\АлгВычМат\DYtoKubeSplain\DYtoKubeSplain\DYtoKubeSplain.cpp(929,53): warning C4244: аргумент: преобразование "ll" в "const unsigned int", возможна потеря данных
C:\Users\danek\Desktop\Прожэкты\Индивидуалки\АлгВычМат\DYtoKubeSplain\DYtoKubeSplain\DYtoKubeSplain.cpp(935,30): warning C4244: аргумент: преобразование "ll" в "const unsigned int", возможна потеря данных
C:\Users\danek\Desktop\Прожэкты\Индивидуалки\АлгВычМат\DYtoKubeSplain\DYtoKubeSplain\DYtoKubeSplain.cpp(935,40): warning C4244: аргумент: преобразование "ll" в "const unsigned int", возможна потеря данных
C:\Users\danek\Desktop\Прожэкты\Индивидуалки\АлгВычМат\DYtoKubeSplain\DYtoKubeSplain\DYtoKubeSplain.cpp(935,56): warning C4244: аргумент: преобразование "ll" в "const unsigned int", возможна потеря данных
C:\Users\danek\Desktop\Прожэкты\Индивидуалки\АлгВычМат\DYtoKubeSplain\DYtoKubeSplain\DYtoKubeSplain.cpp(935,69): warning C4244: аргумент: преобразование "ll" в "const unsigned int", возможна потеря данных
C:\Users\danek\Desktop\Прожэкты\Индивидуалки\АлгВычМат\DYtoKubeSplain\DYtoKubeSplain\DYtoKubeSplain.cpp(935,80): warning C4244: аргумент: преобразование "ll" в "const unsigned int", возможна потеря данных
C:\Users\danek\Desktop\Прожэкты\Индивидуалки\АлгВычМат\DYtoKubeSplain\DYtoKubeSplain\DYtoKubeSplain.cpp(935,93): warning C4244: аргумент: преобразование "ll" в "const unsigned int", возможна потеря данных
C:\Users\danek\Desktop\Прожэкты\Индивидуалки\АлгВычМат\DYtoKubeSplain\DYtoKubeSplain\DYtoKubeSplain.cpp(935,106): warning C4244: аргумент: преобразование "ll" в "const unsigned int", возможна потеря данных
C:\Users\danek\Desktop\Прожэкты\Индивидуалки\АлгВычМат\DYtoKubeSplain\DYtoKubeSplain\DYtoKubeSplain.cpp(935,117): warning C4244: аргумент: преобразование "ll" в "const unsigned int", возможна потеря данных
C:\Users\danek\Desktop\Прожэкты\Индивидуалки\АлгВычМат\DYtoKubeSplain\DYtoKubeSplain\DYtoKubeSplain.cpp(974,80): warning C4244: аргумент: преобразование "ll" в "int", возможна потеря данных
C:\Users\danek\Desktop\Прожэкты\Индивидуалки\АлгВычМат\DYtoKubeSplain\DYtoKubeSplain\DYtoKubeSplain.cpp(974,34): warning C4244: аргумент: преобразование "ll" в "int", возможна потеря данных
C:\Users\danek\Desktop\Прожэкты\Индивидуалки\АлгВычМат\DYtoKubeSplain\DYtoKubeSplain\DYtoKubeSplain.cpp(981,45): warning C4244: аргумент: преобразование "ll" в "const unsigned int", возможна потеря данных
C:\Users\danek\Desktop\Прожэкты\Индивидуалки\АлгВычМат\DYtoKubeSplain\DYtoKubeSplain\DYtoKubeSplain.cpp(983,43): warning C4244: аргумент: преобразование "ll" в "int", возможна потеря данных
C:\Users\danek\Desktop\Прожэкты\Индивидуалки\АлгВычМат\DYtoKubeSplain\DYtoKubeSplain\DYtoKubeSplain.cpp(983,35): warning C4244: аргумент: преобразование "ll" в "int", возможна потеря данных
  DYtoKubeSplain.vcxproj -> C:\Users\danek\Desktop\Прожэкты\Индивидуалки\АлгВычМат\DYtoKubeSplain\Debug\DYtoKubeSplain.exe
